0 info it worked if it ends with ok
1 verbose cli [ '/usr/local/bin/node', '/usr/local/bin/npm', 'install' ]
2 info using npm@3.3.6
3 info using node@v5.0.0
4 silly loadCurrentTree Starting
5 silly install loadCurrentTree
6 silly install readLocalPackageData
7 silly install normalizeTree
8 silly loadCurrentTree Finishing
9 silly loadIdealTree Starting
10 silly install loadIdealTree
11 silly cloneCurrentTree Starting
12 silly install cloneCurrentTreeToIdealTree
13 silly cloneCurrentTree Finishing
14 silly loadShrinkwrap Starting
15 silly install loadShrinkwrap
16 silly loadShrinkwrap Finishing
17 silly loadAllDepsIntoIdealTree Starting
18 silly install loadAllDepsIntoIdealTree
19 silly fetchNamedPackageData fsevents
20 silly mapToRegistry name fsevents
21 silly mapToRegistry using default registry
22 silly mapToRegistry registry https://registry.npmjs.org/
23 silly mapToRegistry uri https://registry.npmjs.org/fsevents
24 verbose request uri https://registry.npmjs.org/fsevents
25 verbose request no auth needed
26 info attempt registry request try #1 at 1:59:15 PM
27 verbose request using bearer token for auth
28 verbose request id 08045ac1536ac974
29 verbose etag "6WG2IHJ3R1KBCEVEQH5157IQJ"
30 http request GET https://registry.npmjs.org/fsevents
31 http 304 https://registry.npmjs.org/fsevents
32 verbose headers { 'cache-control': 'max-age=300',
32 verbose headers   'accept-ranges': 'bytes',
32 verbose headers   date: 'Wed, 15 Jun 2016 11:59:21 GMT',
32 verbose headers   via: '1.1 varnish',
32 verbose headers   connection: 'keep-alive',
32 verbose headers   'x-served-by': 'cache-fra1238-FRA',
32 verbose headers   'x-cache': 'MISS',
32 verbose headers   'x-cache-hits': '0',
32 verbose headers   'x-timer': 'S1465991961.110165,VS0,VE182',
32 verbose headers   vary: 'Accept-Encoding' }
33 silly get cb [ 304,
33 silly get   { 'cache-control': 'max-age=300',
33 silly get     'accept-ranges': 'bytes',
33 silly get     date: 'Wed, 15 Jun 2016 11:59:21 GMT',
33 silly get     via: '1.1 varnish',
33 silly get     connection: 'keep-alive',
33 silly get     'x-served-by': 'cache-fra1238-FRA',
33 silly get     'x-cache': 'MISS',
33 silly get     'x-cache-hits': '0',
33 silly get     'x-timer': 'S1465991961.110165,VS0,VE182',
33 silly get     vary: 'Accept-Encoding' } ]
34 verbose etag https://registry.npmjs.org/fsevents from cache
35 verbose get saving fsevents to /home/siri/.npm/registry.npmjs.org/fsevents/.cache.json
36 silly resolveWithNewModule fsevents@1.0.12 checking installable status
37 warn install Couldn't install optional dependency: Unsupported
38 verbose install Error: Unsupported
38 verbose install     at checkPlatform (/usr/local/lib/node_modules/npm/node_modules/npm-install-checks/index.js:46:14)
38 verbose install     at Array.<anonymous> (/usr/local/lib/node_modules/npm/node_modules/slide/lib/bind-actor.js:15:8)
38 verbose install     at LOOP (/usr/local/lib/node_modules/npm/node_modules/slide/lib/chain.js:15:14)
38 verbose install     at /usr/local/lib/node_modules/npm/node_modules/slide/lib/chain.js:18:7
38 verbose install     at checkEngine (/usr/local/lib/node_modules/npm/node_modules/npm-install-checks/index.js:25:10)
38 verbose install     at Array.<anonymous> (/usr/local/lib/node_modules/npm/node_modules/slide/lib/bind-actor.js:15:8)
38 verbose install     at LOOP (/usr/local/lib/node_modules/npm/node_modules/slide/lib/chain.js:15:14)
38 verbose install     at chain (/usr/local/lib/node_modules/npm/node_modules/slide/lib/chain.js:20:5)
38 verbose install     at module.exports.isInstallable (/usr/local/lib/node_modules/npm/lib/install/validate-args.js:26:3)
38 verbose install     at resolveWithNewModule (/usr/local/lib/node_modules/npm/lib/install/deps.js:408:12)
39 verbose stack TypeError: Cannot read property 'localeCompare' of undefined
39 verbose stack     at installOrder (/usr/local/lib/node_modules/npm/lib/install/deps.js:241:32)
39 verbose stack     at Array.sort (native)
39 verbose stack     at /usr/local/lib/node_modules/npm/lib/install/deps.js:240:27
39 verbose stack     at cb (/usr/local/lib/node_modules/npm/node_modules/slide/lib/async-map.js:47:24)
39 verbose stack     at resolveWithExistingModule (/usr/local/lib/node_modules/npm/lib/install/deps.js:377:3)
39 verbose stack     at /usr/local/lib/node_modules/npm/lib/install/deps.js:347:5
39 verbose stack     at /usr/local/lib/node_modules/npm/node_modules/slide/lib/async-map.js:52:35
39 verbose stack     at Array.forEach (native)
39 verbose stack     at /usr/local/lib/node_modules/npm/node_modules/slide/lib/async-map.js:52:11
39 verbose stack     at Array.forEach (native)
40 verbose cwd /home/siri/projects/npdc-sighting
41 error Linux 3.13.0-24-generic
42 error argv "/usr/local/bin/node" "/usr/local/bin/npm" "install"
43 error node v5.0.0
44 error npm  v3.3.6
45 error Cannot read property 'localeCompare' of undefined
46 error If you need help, you may report this error at:
46 error     <https://github.com/npm/npm/issues>
47 verbose exit [ 1, true ]
